<?xml version="1.0" encoding="UTF-8"?>
<!-- Generated by org.testng.reporters.JUnitReportReporter -->
<testsuite skipped="0" hostname="1400302-PC4" name="com.yiibai.TestHelloWorld" tests="1" failures="0" timestamp="27 九月 2018 02:01:50 GMT" time="0.015" errors="0">
  <testcase name="testMessageGenerator" time="0.015" classname="com.yiibai.TestHelloWorld"/>
</testsuite> <!-- com.yiibai.TestHelloWorld -->
